#-----------------------------------------------------------
# Vivado v2018.2 (64-bit)
# SW Build 2258646 on Thu Jun 14 20:03:12 MDT 2018
# IP Build 2256618 on Thu Jun 14 22:10:49 MDT 2018
# Start of session at: Sun Feb 15 12:53:24 2026
# Process ID: 8720
# Current directory: C:/Users/User/Desktop/Lab_1
# Command line: vivado.exe -gui_launcher_event rodinguilauncherevent13408 C:\Users\User\Desktop\Lab_1\Lab_1.xpr
# Log file: C:/Users/User/Desktop/Lab_1/vivado.log
# Journal file: C:/Users/User/Desktop/Lab_1\vivado.jou
#-----------------------------------------------------------
start_gui
open_project C:/Users/User/Desktop/Lab_1/Lab_1.xpr
Scanning sources...
Finished scanning sources
INFO: [IP_Flow 19-234] Refreshing IP repositories
INFO: [IP_Flow 19-1704] No user IP repositories specified
INFO: [IP_Flow 19-2313] Loaded Vivado IP repository 'C:/Xilinx/Vivado/2018.2/data/ip'.
open_project: Time (s): cpu = 00:00:11 ; elapsed = 00:00:11 . Memory (MB): peak = 862.039 ; gain = 106.336
update_compile_order -fileset sources_1
exit
INFO: [Common 17-206] Exiting Vivado at Sun Feb 15 12:54:23 2026...
